<?xml version="1.0" encoding="UTF-8"?>
<!-- Generated by org.testng.reporters.JUnitReportReporter -->
<testsuite hostname="DESKTOP-STR3NJQ" failures="0" tests="1" name="Testpkg.SaucedemoLoginTest" time="2.362" errors="0" timestamp="2023-11-30T13:54:49 IST" skipped="0">
  <testcase classname="Testpkg.SaucedemoLoginTest" name="test1" time="2.362"/>
  <system-out/>
</testsuite> <!-- Testpkg.SaucedemoLoginTest -->
